{"C:\\Users\\fran1\\OneDrive\\Desktop\\Cursos Udemy\\REACT\\02-primeros-pasos\\src\\MyAwesomeApp.tsx": {"path":"C:\\Users\\fran1\\OneDrive\\Desktop\\Cursos Udemy\\REACT\\02-primeros-pasos\\src\\MyAwesomeApp.tsx","statementMap":{"0":{"start":{"line":5,"column":17},"end":{"line":5,"column":null}},"1":{"start":{"line":6,"column":21},"end":{"line":6,"column":null}},"2":{"start":{"line":7,"column":31},"end":{"line":7,"column":null}},"3":{"start":{"line":8,"column":30},"end":{"line":8,"column":null}},"4":{"start":{"line":9,"column":20},"end":{"line":12,"column":null}},"5":{"start":{"line":14,"column":36},"end":{"line":20,"column":null}},"6":{"start":{"line":21,"column":4},"end":{"line":27,"column":null}}},"fnMap":{"0":{"name":"MyAwesomeApp","decl":{"start":{"line":3,"column":16},"end":{"line":3,"column":null}},"loc":{"start":{"line":3,"column":16},"end":{"line":30,"column":null}},"line":3}},"branchMap":{"0":{"loc":{"start":{"line":15,"column":15},"end":{"line":15,"column":null}},"type":"cond-expr","locations":[{"start":{"line":15,"column":25},"end":{"line":15,"column":35}},{"start":{"line":15,"column":35},"end":{"line":15,"column":null}}],"line":15},"1":{"loc":{"start":{"line":26,"column":17},"end":{"line":26,"column":null}},"type":"cond-expr","locations":[{"start":{"line":26,"column":28},"end":{"line":26,"column":39}},{"start":{"line":26,"column":39},"end":{"line":26,"column":null}}],"line":26}},"s":{"0":2,"1":2,"2":2,"3":2,"4":2,"5":2,"6":2},"f":{"0":2},"b":{"0":[2,0],"1":[2,0]},"meta":{"lastBranch":2,"lastFunction":1,"lastStatement":7,"seen":{"f:3:16:3:Infinity":0,"s:5:17:5:Infinity":0,"s:6:21:6:Infinity":1,"s:7:31:7:Infinity":2,"s:8:30:8:Infinity":3,"s:9:20:12:Infinity":4,"s:14:36:20:Infinity":5,"b:15:25:15:35:15:35:15:Infinity":0,"s:21:4:27:Infinity":6,"b:26:28:26:39:26:39:26:Infinity":1}}}
,"C:\\Users\\fran1\\OneDrive\\Desktop\\Cursos Udemy\\REACT\\02-primeros-pasos\\src\\components\\CustomButton.tsx": {"path":"C:\\Users\\fran1\\OneDrive\\Desktop\\Cursos Udemy\\REACT\\02-primeros-pasos\\src\\components\\CustomButton.tsx","statementMap":{"0":{"start":{"line":12,"column":37},"end":{"line":21,"column":null}},"1":{"start":{"line":22,"column":4},"end":{"line":22,"column":null}},"2":{"start":{"line":22,"column":53},"end":{"line":22,"column":66}}},"fnMap":{"0":{"name":"CustomButton","decl":{"start":{"line":11,"column":16},"end":{"line":11,"column":30}},"loc":{"start":{"line":11,"column":76},"end":{"line":23,"column":null}},"line":11},"1":{"name":"(anonymous_1)","decl":{"start":{"line":22,"column":46},"end":{"line":22,"column":53}},"loc":{"start":{"line":22,"column":46},"end":{"line":22,"column":70}},"line":22}},"branchMap":{"0":{"loc":{"start":{"line":15,"column":25},"end":{"line":15,"column":null}},"type":"binary-expr","locations":[{"start":{"line":15,"column":25},"end":{"line":15,"column":44}},{"start":{"line":15,"column":44},"end":{"line":15,"column":null}}],"line":15}},"s":{"0":12,"1":12,"2":3},"f":{"0":12,"1":3},"b":{"0":[12,0]},"meta":{"lastBranch":1,"lastFunction":2,"lastStatement":3,"seen":{"f:11:16:11:30":0,"s:12:37:21:Infinity":0,"b:15:25:15:44:15:44:15:Infinity":0,"s:22:4:22:Infinity":1,"f:22:46:22:53":1,"s:22:53:22:66":2}}}
,"C:\\Users\\fran1\\OneDrive\\Desktop\\Cursos Udemy\\REACT\\02-primeros-pasos\\src\\helpers\\math.helper.ts": {"path":"C:\\Users\\fran1\\OneDrive\\Desktop\\Cursos Udemy\\REACT\\02-primeros-pasos\\src\\helpers\\math.helper.ts","statementMap":{"0":{"start":{"line":1,"column":19},"end":{"line":3,"column":null}},"1":{"start":{"line":2,"column":4},"end":{"line":2,"column":null}},"2":{"start":{"line":4,"column":25},"end":{"line":6,"column":null}},"3":{"start":{"line":5,"column":4},"end":{"line":5,"column":null}},"4":{"start":{"line":7,"column":24},"end":{"line":9,"column":null}},"5":{"start":{"line":8,"column":4},"end":{"line":8,"column":null}},"6":{"start":{"line":10,"column":22},"end":{"line":12,"column":null}},"7":{"start":{"line":11,"column":4},"end":{"line":11,"column":null}}},"fnMap":{"0":{"name":"(anonymous_0)","decl":{"start":{"line":1,"column":19},"end":{"line":1,"column":20}},"loc":{"start":{"line":1,"column":31},"end":{"line":3,"column":null}},"line":1},"1":{"name":"(anonymous_1)","decl":{"start":{"line":4,"column":25},"end":{"line":4,"column":26}},"loc":{"start":{"line":4,"column":37},"end":{"line":6,"column":null}},"line":4},"2":{"name":"(anonymous_2)","decl":{"start":{"line":7,"column":24},"end":{"line":7,"column":25}},"loc":{"start":{"line":7,"column":36},"end":{"line":9,"column":null}},"line":7},"3":{"name":"(anonymous_3)","decl":{"start":{"line":10,"column":22},"end":{"line":10,"column":23}},"loc":{"start":{"line":10,"column":34},"end":{"line":12,"column":null}},"line":10}},"branchMap":{},"s":{"0":1,"1":1,"2":1,"3":1,"4":1,"5":1,"6":1,"7":1},"f":{"0":1,"1":1,"2":1,"3":1},"b":{},"meta":{"lastBranch":0,"lastFunction":4,"lastStatement":8,"seen":{"s:1:19:3:Infinity":0,"f:1:19:1:20":0,"s:2:4:2:Infinity":1,"s:4:25:6:Infinity":2,"f:4:25:4:26":1,"s:5:4:5:Infinity":3,"s:7:24:9:Infinity":4,"f:7:24:7:25":2,"s:8:4:8:Infinity":5,"s:10:22:12:Infinity":6,"f:10:22:10:23":3,"s:11:4:11:Infinity":7}}}
,"C:\\Users\\fran1\\OneDrive\\Desktop\\Cursos Udemy\\REACT\\02-primeros-pasos\\src\\shopping-cart\\ItemCounter.css": {"path":"C:\\Users\\fran1\\OneDrive\\Desktop\\Cursos Udemy\\REACT\\02-primeros-pasos\\src\\shopping-cart\\ItemCounter.css","statementMap":{},"fnMap":{},"branchMap":{},"s":{},"f":{},"b":{},"meta":{"lastBranch":0,"lastFunction":0,"lastStatement":0,"seen":{}}}
,"C:\\Users\\fran1\\OneDrive\\Desktop\\Cursos Udemy\\REACT\\02-primeros-pasos\\src\\shopping-cart\\ItemCounter.tsx": {"path":"C:\\Users\\fran1\\OneDrive\\Desktop\\Cursos Udemy\\REACT\\02-primeros-pasos\\src\\shopping-cart\\ItemCounter.tsx","statementMap":{"0":{"start":{"line":11,"column":27},"end":{"line":30,"column":null}},"1":{"start":{"line":13,"column":27},"end":{"line":13,"column":null}},"2":{"start":{"line":14,"column":26},"end":{"line":16,"column":null}},"3":{"start":{"line":15,"column":8},"end":{"line":15,"column":null}},"4":{"start":{"line":17,"column":26},"end":{"line":20,"column":null}},"5":{"start":{"line":18,"column":8},"end":{"line":18,"column":null}},"6":{"start":{"line":18,"column":23},"end":{"line":18,"column":null}},"7":{"start":{"line":19,"column":8},"end":{"line":19,"column":null}},"8":{"start":{"line":22,"column":4},"end":{"line":27,"column":null}}},"fnMap":{"0":{"name":"(anonymous_0)","decl":{"start":{"line":11,"column":27},"end":{"line":11,"column":28}},"loc":{"start":{"line":11,"column":55},"end":{"line":30,"column":null}},"line":11},"1":{"name":"(anonymous_1)","decl":{"start":{"line":14,"column":26},"end":{"line":14,"column":null}},"loc":{"start":{"line":14,"column":26},"end":{"line":16,"column":null}},"line":14},"2":{"name":"(anonymous_2)","decl":{"start":{"line":17,"column":26},"end":{"line":17,"column":null}},"loc":{"start":{"line":17,"column":26},"end":{"line":20,"column":null}},"line":17}},"branchMap":{"0":{"loc":{"start":{"line":18,"column":8},"end":{"line":18,"column":null}},"type":"if","locations":[{"start":{"line":18,"column":8},"end":{"line":18,"column":null}},{"start":{},"end":{}}],"line":18}},"s":{"0":1,"1":6,"2":6,"3":1,"4":6,"5":2,"6":1,"7":1,"8":6},"f":{"0":6,"1":1,"2":2},"b":{"0":[1,1]},"meta":{"lastBranch":1,"lastFunction":3,"lastStatement":9,"seen":{"s:11:27:30:Infinity":0,"f:11:27:11:28":0,"s:13:27:13:Infinity":1,"s:14:26:16:Infinity":2,"f:14:26:14:Infinity":1,"s:15:8:15:Infinity":3,"s:17:26:20:Infinity":4,"f:17:26:17:Infinity":2,"b:18:8:18:Infinity:undefined:undefined:undefined:undefined":0,"s:18:8:18:Infinity":5,"s:18:23:18:Infinity":6,"s:19:8:19:Infinity":7,"s:22:4:27:Infinity":8}}}
}
